  Apple_Game.cpp
D:\JIHO\Apple\Apple\Apple_Game\Apple_Game\Apple_Game.cpp(32,34): warning C4244: '=': 'LONG'에서 'float'(으)로 변환하면서 데이터가 손실될 수 있습니다.
D:\JIHO\Apple\Apple\Apple_Game\Apple_Game\Apple_Game.cpp(33,36): warning C4244: '=': 'LONG'에서 'float'(으)로 변환하면서 데이터가 손실될 수 있습니다.
D:\JIHO\Apple\Apple\Apple_Game\Apple_Game\Apple_Game.cpp(40,11): warning C4244: '초기화 중': 'float'에서 'int'(으)로 변환하면서 데이터가 손실될 수 있습니다.
D:\JIHO\Apple\Apple\Apple_Game\Apple_Game\Apple_Game.cpp(40,34): warning C4244: '초기화 중': 'float'에서 'int'(으)로 변환하면서 데이터가 손실될 수 있습니다.
D:\JIHO\Apple\Apple\Apple_Game\Apple_Game\Apple_Game.cpp(57,28): warning C4244: '=': 'float'에서 'int'(으)로 변환하면서 데이터가 손실될 수 있습니다.
D:\JIHO\Apple\Apple\Apple_Game\Apple_Game\Apple_Game.cpp(58,44): warning C4244: '=': 'float'에서 'int'(으)로 변환하면서 데이터가 손실될 수 있습니다.
D:\JIHO\Apple\Apple\Apple_Game\Apple_Game\Apple_Game.cpp(59,20): warning C4244: '+=': 'float'에서 'int'(으)로 변환하면서 데이터가 손실될 수 있습니다.
D:\JIHO\Apple\Apple\Apple_Game\Apple_Game\Apple_Game.cpp(60,76): warning C4244: '인수': 'float'에서 'int'(으)로 변환하면서 데이터가 손실될 수 있습니다.
D:\JIHO\Apple\Apple\Apple_Game\Apple_Game\Apple_Game.cpp(60,46): warning C4244: '인수': 'float'에서 'int'(으)로 변환하면서 데이터가 손실될 수 있습니다.
D:\JIHO\Apple\Apple\Apple_Game\Apple_Game\Apple_Game.cpp(139,16): warning C4477: 'printf' : 서식 문자열 '%d'에 'int' 형식의 인수가 필요하지만 variadic 인수 1의 형식이 'WPARAM'입니다.
      D:\JIHO\Apple\Apple\Apple_Game\Apple_Game\Apple_Game.cpp(139,16):
      서식 문자열에서 '%lld'을(를) 사용하는 것이 좋습니다.
      D:\JIHO\Apple\Apple\Apple_Game\Apple_Game\Apple_Game.cpp(139,16):
      서식 문자열에서 '%Id'을(를) 사용하는 것이 좋습니다.
      D:\JIHO\Apple\Apple\Apple_Game\Apple_Game\Apple_Game.cpp(139,16):
      서식 문자열에서 '%I64d'을(를) 사용하는 것이 좋습니다.
  
D:\JIHO\Apple\Apple\Apple_Game\Apple_Game\Apple_Game.cpp(145,32): warning C4244: '인수': 'WPARAM'에서 'int'(으)로 변환하면서 데이터가 손실될 수 있습니다.
D:\JIHO\Apple\Apple\Apple_Game\Apple_Game\Apple_Game.cpp(146,32): warning C4244: '인수': 'WPARAM'에서 'int'(으)로 변환하면서 데이터가 손실될 수 있습니다.
D:\JIHO\Apple\Apple\Apple_Game\Apple_Game\Apple_Game.cpp(149,16): warning C4477: 'printf' : 서식 문자열 '%d'에 'int' 형식의 인수가 필요하지만 variadic 인수 1의 형식이 'WPARAM'입니다.
      D:\JIHO\Apple\Apple\Apple_Game\Apple_Game\Apple_Game.cpp(149,16):
      서식 문자열에서 '%lld'을(를) 사용하는 것이 좋습니다.
      D:\JIHO\Apple\Apple\Apple_Game\Apple_Game\Apple_Game.cpp(149,16):
      서식 문자열에서 '%Id'을(를) 사용하는 것이 좋습니다.
      D:\JIHO\Apple\Apple\Apple_Game\Apple_Game\Apple_Game.cpp(149,16):
      서식 문자열에서 '%I64d'을(를) 사용하는 것이 좋습니다.
  
D:\JIHO\Apple\Apple\Apple_Game\Apple_Game\Apple_Game.cpp(150,33): warning C4244: '인수': 'WPARAM'에서 'int'(으)로 변환하면서 데이터가 손실될 수 있습니다.
D:\JIHO\Apple\Apple\Apple_Game\Apple_Game\Apple_Game.cpp(171,21): warning C4244: '인수': 'WPARAM'에서 'int'(으)로 변환하면서 데이터가 손실될 수 있습니다.
D:\JIHO\Apple\Apple\Apple_Game\Apple_Game\Apple_Game.cpp(212,14): warning C4244: '=': 'int'에서 'float'(으)로 변환하면서 데이터가 손실될 수 있습니다.
D:\JIHO\Apple\Apple\Apple_Game\Apple_Game\Apple_Game.cpp(223,14): warning C4244: '=': 'int'에서 'float'(으)로 변환하면서 데이터가 손실될 수 있습니다.
D:\JIHO\Apple\Apple\Apple_Game\Apple_Game\Apple_Game.cpp(294,15): warning C4244: '초기화 중': 'float'에서 'int'(으)로 변환하면서 데이터가 손실될 수 있습니다.
D:\JIHO\Apple\Apple\Apple_Game\Apple_Game\Apple_Game.cpp(295,15): warning C4244: '초기화 중': 'float'에서 'int'(으)로 변환하면서 데이터가 손실될 수 있습니다.
D:\JIHO\Apple\Apple\Apple_Game\Apple_Game\Apple_Game.cpp(302,15): warning C4244: '초기화 중': 'float'에서 'int'(으)로 변환하면서 데이터가 손실될 수 있습니다.
D:\JIHO\Apple\Apple\Apple_Game\Apple_Game\Apple_Game.cpp(303,15): warning C4244: '초기화 중': 'float'에서 'int'(으)로 변환하면서 데이터가 손실될 수 있습니다.
D:\JIHO\Apple\Apple\Apple_Game\Apple_Game\Apple_Game.cpp(308,52): warning C4244: '=': 'float'에서 'int'(으)로 변환하면서 데이터가 손실될 수 있습니다.
D:\JIHO\Apple\Apple\Apple_Game\Apple_Game\Apple_Game.cpp(314,52): warning C4244: '=': 'float'에서 'int'(으)로 변환하면서 데이터가 손실될 수 있습니다.
D:\JIHO\Apple\Apple\Apple_Game\Apple_Game\Apple_Game.cpp(321,15): warning C4244: '초기화 중': 'float'에서 'int'(으)로 변환하면서 데이터가 손실될 수 있습니다.
D:\JIHO\Apple\Apple\Apple_Game\Apple_Game\Apple_Game.cpp(322,15): warning C4244: '초기화 중': 'float'에서 'int'(으)로 변환하면서 데이터가 손실될 수 있습니다.
D:\JIHO\Apple\Apple\Apple_Game\Apple_Game\Apple_Game.cpp(327,52): warning C4244: '=': 'float'에서 'int'(으)로 변환하면서 데이터가 손실될 수 있습니다.
D:\JIHO\Apple\Apple\Apple_Game\Apple_Game\Apple_Game.cpp(333,52): warning C4244: '=': 'float'에서 'int'(으)로 변환하면서 데이터가 손실될 수 있습니다.
D:\JIHO\Apple\Apple\Apple_Game\Apple_Game\Apple_Game.cpp(341,15): warning C4244: '초기화 중': 'float'에서 'int'(으)로 변환하면서 데이터가 손실될 수 있습니다.
D:\JIHO\Apple\Apple\Apple_Game\Apple_Game\Apple_Game.cpp(342,15): warning C4244: '초기화 중': 'float'에서 'int'(으)로 변환하면서 데이터가 손실될 수 있습니다.
D:\JIHO\Apple\Apple\Apple_Game\Apple_Game\Apple_Game.cpp(349,15): warning C4244: '초기화 중': 'float'에서 'int'(으)로 변환하면서 데이터가 손실될 수 있습니다.
D:\JIHO\Apple\Apple\Apple_Game\Apple_Game\Apple_Game.cpp(350,15): warning C4244: '초기화 중': 'float'에서 'int'(으)로 변환하면서 데이터가 손실될 수 있습니다.
D:\JIHO\Apple\Apple\Apple_Game\Apple_Game\Apple_Game.cpp(355,52): warning C4244: '=': 'float'에서 'int'(으)로 변환하면서 데이터가 손실될 수 있습니다.
D:\JIHO\Apple\Apple\Apple_Game\Apple_Game\Apple_Game.cpp(360,52): warning C4244: '=': 'float'에서 'int'(으)로 변환하면서 데이터가 손실될 수 있습니다.
D:\JIHO\Apple\Apple\Apple_Game\Apple_Game\Apple_Game.cpp(367,15): warning C4244: '초기화 중': 'float'에서 'int'(으)로 변환하면서 데이터가 손실될 수 있습니다.
D:\JIHO\Apple\Apple\Apple_Game\Apple_Game\Apple_Game.cpp(368,15): warning C4244: '초기화 중': 'float'에서 'int'(으)로 변환하면서 데이터가 손실될 수 있습니다.
D:\JIHO\Apple\Apple\Apple_Game\Apple_Game\Apple_Game.cpp(373,52): warning C4244: '=': 'float'에서 'int'(으)로 변환하면서 데이터가 손실될 수 있습니다.
D:\JIHO\Apple\Apple\Apple_Game\Apple_Game\Apple_Game.cpp(378,52): warning C4244: '=': 'float'에서 'int'(으)로 변환하면서 데이터가 손실될 수 있습니다.
LINK : warning LNK4044: '/utf-8' 옵션을 인식할 수 없습니다. 무시됩니다.
     D:\JIHO\Apple\Apple\Apple_Game\x64\Debug\Apple_Game.lib 라이브러리 및 D:\JIHO\Apple\Apple\Apple_Game\x64\Debug\Apple_Game.exp 개체를 생성하고 있습니다.
LINK : warning LNK4217: '__glewBlendFuncSeparate'에 정의된 'glew.obj' 기호를 함수 'Game.obj'에서 '"void __cdecl drawGame(float)" (?drawGame@@YAXM@Z)'이(가) 가져왔습니다.
LINK : warning LNK4286: '__glewBlendFuncSeparate'에 정의된 'glew.obj' 기호를 'iOpenGL.obj'이(가) 가져왔습니다.
LINK : warning LNK4286: '__glewBlendFuncSeparate'에 정의된 'glew.obj' 기호를 'iStd.obj'이(가) 가져왔습니다.
LINK : warning LNK4217: 'glewInit'에 정의된 'glew.obj' 기호를 함수 'iOpenGL.obj'에서 '"void __cdecl loadOpenGL(struct HWND__ *)" (?loadOpenGL@@YAXPEAUHWND__@@@Z)'이(가) 가져왔습니다.
LINK : warning LNK4217: 'wglewIsSupported'에 정의된 'glew.obj' 기호를 함수 'iOpenGL.obj'에서 '"void __cdecl loadOpenGL(struct HWND__ *)" (?loadOpenGL@@YAXPEAUHWND__@@@Z)'이(가) 가져왔습니다.
LINK : warning LNK4217: '__glewBindBuffer'에 정의된 'glew.obj' 기호를 함수 'iOpenGL.obj'에서 '"void __cdecl loadOpenGL(struct HWND__ *)" (?loadOpenGL@@YAXPEAUHWND__@@@Z)'이(가) 가져왔습니다.
LINK : warning LNK4286: '__glewBindBuffer'에 정의된 'glew.obj' 기호를 'iShadertoy.obj'이(가) 가져왔습니다.
LINK : warning LNK4286: '__glewBindBuffer'에 정의된 'glew.obj' 기호를 'iStd.obj'이(가) 가져왔습니다.
LINK : warning LNK4217: '__glewBufferData'에 정의된 'glew.obj' 기호를 함수 'iOpenGL.obj'에서 '"void __cdecl loadOpenGL(struct HWND__ *)" (?loadOpenGL@@YAXPEAUHWND__@@@Z)'이(가) 가져왔습니다.
LINK : warning LNK4217: '__glewDeleteBuffers'에 정의된 'glew.obj' 기호를 함수 'iOpenGL.obj'에서 '"void __cdecl freeOpenGL(void)" (?freeOpenGL@@YAXXZ)'이(가) 가져왔습니다.
LINK : warning LNK4217: '__glewGenBuffers'에 정의된 'glew.obj' 기호를 함수 'iOpenGL.obj'에서 '"void __cdecl loadOpenGL(struct HWND__ *)" (?loadOpenGL@@YAXPEAUHWND__@@@Z)'이(가) 가져왔습니다.
LINK : warning LNK4217: '__glewAttachShader'에 정의된 'glew.obj' 기호를 함수 'iOpenGL.obj'에서 '"public: static unsigned int __cdecl iShader::link(unsigned int,unsigned int)" (?link@iShader@@SAIII@Z)'이(가) 가져왔습니다.
LINK : warning LNK4217: '__glewCompileShader'에 정의된 'glew.obj' 기호를 함수 'iOpenGL.obj'에서 '"public: static unsigned int __cdecl iShader::compile(char const *,int)" (?compile@iShader@@SAIPEBDH@Z)'이(가) 가져왔습니다.
LINK : warning LNK4217: '__glewCreateProgram'에 정의된 'glew.obj' 기호를 함수 'iOpenGL.obj'에서 '"public: static unsigned int __cdecl iShader::link(unsigned int,unsigned int)" (?link@iShader@@SAIII@Z)'이(가) 가져왔습니다.
LINK : warning LNK4217: '__glewCreateShader'에 정의된 'glew.obj' 기호를 함수 'iOpenGL.obj'에서 '"public: static unsigned int __cdecl iShader::compile(char const *,int)" (?compile@iShader@@SAIPEBDH@Z)'이(가) 가져왔습니다.
LINK : warning LNK4217: '__glewDeleteProgram'에 정의된 'glew.obj' 기호를 함수 'iOpenGL.obj'에서 '"public: static void __cdecl iShader::deleteProgram(unsigned int)" (?deleteProgram@iShader@@SAXI@Z)'이(가) 가져왔습니다.
LINK : warning LNK4217: '__glewDeleteShader'에 정의된 'glew.obj' 기호를 함수 'iOpenGL.obj'에서 '"public: static void __cdecl iShader::deleteShader(unsigned int)" (?deleteShader@iShader@@SAXI@Z)'이(가) 가져왔습니다.
LINK : warning LNK4217: '__glewDetachShader'에 정의된 'glew.obj' 기호를 함수 'iOpenGL.obj'에서 '"public: static unsigned int __cdecl iShader::link(unsigned int,unsigned int)" (?link@iShader@@SAIII@Z)'이(가) 가져왔습니다.
LINK : warning LNK4217: '__glewDrawBuffers'에 정의된 'glew.obj' 기호를 함수 'iOpenGL.obj'에서 '"public: __cdecl iFBO::iFBO(int,int)" (??0iFBO@@QEAA@HH@Z)'이(가) 가져왔습니다.
LINK : warning LNK4217: '__glewGetProgramInfoLog'에 정의된 'glew.obj' 기호를 함수 'iOpenGL.obj'에서 '"public: static void __cdecl iShader::checkProgram(unsigned int)" (?checkProgram@iShader@@SAXI@Z)'이(가) 가져왔습니다.
LINK : warning LNK4217: '__glewGetProgramiv'에 정의된 'glew.obj' 기호를 함수 'iOpenGL.obj'에서 '"public: static void __cdecl iShader::checkProgram(unsigned int)" (?checkProgram@iShader@@SAXI@Z)'이(가) 가져왔습니다.
LINK : warning LNK4217: '__glewGetShaderInfoLog'에 정의된 'glew.obj' 기호를 함수 'iOpenGL.obj'에서 '"public: static void __cdecl iShader::checkShader(unsigned int)" (?checkShader@iShader@@SAXI@Z)'이(가) 가져왔습니다.
LINK : warning LNK4217: '__glewGetShaderiv'에 정의된 'glew.obj' 기호를 함수 'iOpenGL.obj'에서 '"public: static void __cdecl iShader::checkShader(unsigned int)" (?checkShader@iShader@@SAXI@Z)'이(가) 가져왔습니다.
LINK : warning LNK4217: '__glewLinkProgram'에 정의된 'glew.obj' 기호를 함수 'iOpenGL.obj'에서 '"public: static unsigned int __cdecl iShader::link(unsigned int,unsigned int)" (?link@iShader@@SAIII@Z)'이(가) 가져왔습니다.
LINK : warning LNK4217: '__glewShaderSource'에 정의된 'glew.obj' 기호를 함수 'iOpenGL.obj'에서 '"public: static unsigned int __cdecl iShader::compile(char const *,int)" (?compile@iShader@@SAIPEBDH@Z)'이(가) 가져왔습니다.
LINK : warning LNK4217: '__glewBindFramebuffer'에 정의된 'glew.obj' 기호를 함수 'iOpenGL.obj'에서 '"public: __cdecl iFBO::iFBO(int,int)" (??0iFBO@@QEAA@HH@Z)'이(가) 가져왔습니다.
LINK : warning LNK4217: '__glewBindRenderbuffer'에 정의된 'glew.obj' 기호를 함수 'iOpenGL.obj'에서 '"public: __cdecl iFBO::iFBO(int,int)" (??0iFBO@@QEAA@HH@Z)'이(가) 가져왔습니다.
LINK : warning LNK4217: '__glewDeleteFramebuffers'에 정의된 'glew.obj' 기호를 함수 'iOpenGL.obj'에서 '"public: virtual __cdecl iFBO::~iFBO(void)" (??1iFBO@@UEAA@XZ)'이(가) 가져왔습니다.
LINK : warning LNK4217: '__glewDeleteRenderbuffers'에 정의된 'glew.obj' 기호를 함수 'iOpenGL.obj'에서 '"public: virtual __cdecl iFBO::~iFBO(void)" (??1iFBO@@UEAA@XZ)'이(가) 가져왔습니다.
LINK : warning LNK4217: '__glewFramebufferRenderbuffer'에 정의된 'glew.obj' 기호를 함수 'iOpenGL.obj'에서 '"public: __cdecl iFBO::iFBO(int,int)" (??0iFBO@@QEAA@HH@Z)'이(가) 가져왔습니다.
LINK : warning LNK4217: '__glewFramebufferTexture2D'에 정의된 'glew.obj' 기호를 함수 'iOpenGL.obj'에서 '"public: __cdecl iFBO::iFBO(int,int)" (??0iFBO@@QEAA@HH@Z)'이(가) 가져왔습니다.
LINK : warning LNK4217: '__glewGenFramebuffers'에 정의된 'glew.obj' 기호를 함수 'iOpenGL.obj'에서 '"public: __cdecl iFBO::iFBO(int,int)" (??0iFBO@@QEAA@HH@Z)'이(가) 가져왔습니다.
LINK : warning LNK4217: '__glewGenRenderbuffers'에 정의된 'glew.obj' 기호를 함수 'iOpenGL.obj'에서 '"public: __cdecl iFBO::iFBO(int,int)" (??0iFBO@@QEAA@HH@Z)'이(가) 가져왔습니다.
LINK : warning LNK4217: '__glewRenderbufferStorage'에 정의된 'glew.obj' 기호를 함수 'iOpenGL.obj'에서 '"public: __cdecl iFBO::iFBO(int,int)" (??0iFBO@@QEAA@HH@Z)'이(가) 가져왔습니다.
LINK : warning LNK4217: '__glewBindVertexArray'에 정의된 'glew.obj' 기호를 함수 'iOpenGL.obj'에서 '"void __cdecl loadOpenGL(struct HWND__ *)" (?loadOpenGL@@YAXPEAUHWND__@@@Z)'이(가) 가져왔습니다.
LINK : warning LNK4217: '__glewDeleteVertexArrays'에 정의된 'glew.obj' 기호를 함수 'iOpenGL.obj'에서 '"void __cdecl freeOpenGL(void)" (?freeOpenGL@@YAXXZ)'이(가) 가져왔습니다.
LINK : warning LNK4217: '__glewGenVertexArrays'에 정의된 'glew.obj' 기호를 함수 'iOpenGL.obj'에서 '"void __cdecl loadOpenGL(struct HWND__ *)" (?loadOpenGL@@YAXPEAUHWND__@@@Z)'이(가) 가져왔습니다.
LINK : warning LNK4217: 'glewExperimental'에 정의된 'glew.obj' 기호를 함수 'iOpenGL.obj'에서 '"void __cdecl loadOpenGL(struct HWND__ *)" (?loadOpenGL@@YAXPEAUHWND__@@@Z)'이(가) 가져왔습니다.
LINK : warning LNK4217: '__wglewCreateContextAttribsARB'에 정의된 'glew.obj' 기호를 함수 'iOpenGL.obj'에서 '"void __cdecl loadOpenGL(struct HWND__ *)" (?loadOpenGL@@YAXPEAUHWND__@@@Z)'이(가) 가져왔습니다.
LINK : warning LNK4217: '__glewActiveTexture'에 정의된 'glew.obj' 기호를 함수 'iShadertoy.obj'에서 '"public: void __cdecl iShadertoy::paint(float)" (?paint@iShadertoy@@QEAAXM@Z)'이(가) 가져왔습니다.
LINK : warning LNK4286: '__glewActiveTexture'에 정의된 'glew.obj' 기호를 'iStd.obj'이(가) 가져왔습니다.
LINK : warning LNK4217: '__glewBufferSubData'에 정의된 'glew.obj' 기호를 함수 'iShadertoy.obj'에서 '"public: void __cdecl iShadertoy::paint(float)" (?paint@iShadertoy@@QEAAXM@Z)'이(가) 가져왔습니다.
LINK : warning LNK4286: '__glewBufferSubData'에 정의된 'glew.obj' 기호를 'iStd.obj'이(가) 가져왔습니다.
LINK : warning LNK4217: '__glewDisableVertexAttribArray'에 정의된 'glew.obj' 기호를 함수 'iShadertoy.obj'에서 '"public: void __cdecl iShadertoy::paint(float)" (?paint@iShadertoy@@QEAAXM@Z)'이(가) 가져왔습니다.
LINK : warning LNK4286: '__glewDisableVertexAttribArray'에 정의된 'glew.obj' 기호를 'iStd.obj'이(가) 가져왔습니다.
LINK : warning LNK4217: '__glewEnableVertexAttribArray'에 정의된 'glew.obj' 기호를 함수 'iShadertoy.obj'에서 '"public: void __cdecl iShadertoy::paint(float)" (?paint@iShadertoy@@QEAAXM@Z)'이(가) 가져왔습니다.
LINK : warning LNK4286: '__glewEnableVertexAttribArray'에 정의된 'glew.obj' 기호를 'iStd.obj'이(가) 가져왔습니다.
LINK : warning LNK4217: '__glewGetAttribLocation'에 정의된 'glew.obj' 기호를 함수 'iShadertoy.obj'에서 '"public: void __cdecl iShadertoy::paint(float)" (?paint@iShadertoy@@QEAAXM@Z)'이(가) 가져왔습니다.
LINK : warning LNK4286: '__glewGetAttribLocation'에 정의된 'glew.obj' 기호를 'iStd.obj'이(가) 가져왔습니다.
LINK : warning LNK4217: '__glewGetUniformLocation'에 정의된 'glew.obj' 기호를 함수 'iShadertoy.obj'에서 '"public: void __cdecl iShadertoy::paint(float)" (?paint@iShadertoy@@QEAAXM@Z)'이(가) 가져왔습니다.
LINK : warning LNK4286: '__glewGetUniformLocation'에 정의된 'glew.obj' 기호를 'iStd.obj'이(가) 가져왔습니다.
LINK : warning LNK4217: '__glewUniform1f'에 정의된 'glew.obj' 기호를 함수 'iShadertoy.obj'에서 '"private: void __cdecl iShadertoy::setUniform(float,unsigned int)" (?setUniform@iShadertoy@@AEAAXMI@Z)'이(가) 가져왔습니다.
LINK : warning LNK4286: '__glewUniform1f'에 정의된 'glew.obj' 기호를 'iStd.obj'이(가) 가져왔습니다.
LINK : warning LNK4217: '__glewUniform1fv'에 정의된 'glew.obj' 기호를 함수 'iShadertoy.obj'에서 '"private: void __cdecl iShadertoy::setUniform(float,unsigned int)" (?setUniform@iShadertoy@@AEAAXMI@Z)'이(가) 가져왔습니다.
LINK : warning LNK4217: '__glewUniform1i'에 정의된 'glew.obj' 기호를 함수 'iShadertoy.obj'에서 '"public: void __cdecl iShadertoy::paint(float)" (?paint@iShadertoy@@QEAAXM@Z)'이(가) 가져왔습니다.
LINK : warning LNK4286: '__glewUniform1i'에 정의된 'glew.obj' 기호를 'iStd.obj'이(가) 가져왔습니다.
LINK : warning LNK4217: '__glewUniform3f'에 정의된 'glew.obj' 기호를 함수 'iShadertoy.obj'에서 '"private: void __cdecl iShadertoy::setUniform(float,unsigned int)" (?setUniform@iShadertoy@@AEAAXMI@Z)'이(가) 가져왔습니다.
LINK : warning LNK4286: '__glewUniform3f'에 정의된 'glew.obj' 기호를 'iStd.obj'이(가) 가져왔습니다.
LINK : warning LNK4217: '__glewUniform4f'에 정의된 'glew.obj' 기호를 함수 'iShadertoy.obj'에서 '"private: void __cdecl iShadertoy::setUniform(float,unsigned int)" (?setUniform@iShadertoy@@AEAAXMI@Z)'이(가) 가져왔습니다.
LINK : warning LNK4286: '__glewUniform4f'에 정의된 'glew.obj' 기호를 'iStd.obj'이(가) 가져왔습니다.
LINK : warning LNK4217: '__glewUniformMatrix4fv'에 정의된 'glew.obj' 기호를 함수 'iShadertoy.obj'에서 '"public: void __cdecl iShadertoy::paint(float)" (?paint@iShadertoy@@QEAAXM@Z)'이(가) 가져왔습니다.
LINK : warning LNK4286: '__glewUniformMatrix4fv'에 정의된 'glew.obj' 기호를 'iStd.obj'이(가) 가져왔습니다.
LINK : warning LNK4217: '__glewUseProgram'에 정의된 'glew.obj' 기호를 함수 'iShadertoy.obj'에서 '"public: void __cdecl iShadertoy::paint(float)" (?paint@iShadertoy@@QEAAXM@Z)'이(가) 가져왔습니다.
LINK : warning LNK4286: '__glewUseProgram'에 정의된 'glew.obj' 기호를 'iStd.obj'이(가) 가져왔습니다.
LINK : warning LNK4217: '__glewVertexAttribPointer'에 정의된 'glew.obj' 기호를 함수 'iShadertoy.obj'에서 '"public: void __cdecl iShadertoy::paint(float)" (?paint@iShadertoy@@QEAAXM@Z)'이(가) 가져왔습니다.
LINK : warning LNK4286: '__glewVertexAttribPointer'에 정의된 'glew.obj' 기호를 'iStd.obj'이(가) 가져왔습니다.
LINK : warning LNK4217: '__glewUniform2f'에 정의된 'glew.obj' 기호를 함수 'iStd.obj'에서 '"void __cdecl drawLine(float,float,float,float)" (?drawLine@@YAXMMMM@Z)'이(가) 가져왔습니다.
  Apple_Game.vcxproj -> D:\JIHO\Apple\Apple\Apple_Game\x64\Debug\Apple_Game.exe
