d:\jiho\apple\apple\apple_game\apple_game\x64\debug\vc143.pdb
d:\jiho\apple\apple\apple_game\apple_game\x64\debug\vc143.idb
d:\jiho\apple\apple\apple_game\apple_game\x64\debug\glew.obj
d:\jiho\apple\apple\apple_game\apple_game\x64\debug\istd.obj
d:\jiho\apple\apple\apple_game\apple_game\x64\debug\game.obj
d:\jiho\apple\apple\apple_game\apple_game\x64\debug\apple_game.obj
d:\jiho\apple\apple\apple_game\apple_game\x64\debug\ipoint.obj
d:\jiho\apple\apple\apple_game\x64\debug\apple_game.exe
d:\jiho\apple\apple\apple_game\x64\debug\apple_game.pdb
d:\jiho\apple\apple\apple_game\apple_game\x64\debug\apple_game.res
d:\jiho\apple\apple\apple_game\x64\debug\apple_game.lib
d:\jiho\apple\apple\apple_game\x64\debug\apple_game.exp
d:\jiho\apple\apple\apple_game\apple_game\x64\debug\apple_game.ilk
d:\jiho\apple\apple\apple_game\apple_game\x64\debug\apple_game.tlog\cl.command.1.tlog
d:\jiho\apple\apple\apple_game\apple_game\x64\debug\apple_game.tlog\cl.items.tlog
d:\jiho\apple\apple\apple_game\apple_game\x64\debug\apple_game.tlog\cl.read.1.tlog
d:\jiho\apple\apple\apple_game\apple_game\x64\debug\apple_game.tlog\cl.write.1.tlog
d:\jiho\apple\apple\apple_game\apple_game\x64\debug\apple_game.tlog\link.command.1.tlog
d:\jiho\apple\apple\apple_game\apple_game\x64\debug\apple_game.tlog\link.read.1.tlog
d:\jiho\apple\apple\apple_game\apple_game\x64\debug\apple_game.tlog\link.secondary.1.tlog
d:\jiho\apple\apple\apple_game\apple_game\x64\debug\apple_game.tlog\link.write.1.tlog
d:\jiho\apple\apple\apple_game\apple_game\x64\debug\apple_game.tlog\rc.command.1.tlog
d:\jiho\apple\apple\apple_game\apple_game\x64\debug\apple_game.tlog\rc.read.1.tlog
d:\jiho\apple\apple\apple_game\apple_game\x64\debug\apple_game.tlog\rc.write.1.tlog
